<?xml version="1.0" encoding="UTF-8"?>
<!-- Generated by org.testng.reporters.JUnitXMLReporter -->
<testsuite ignored="0" hostname="Venkat-Lappy" failures="2" tests="55" name="Test" time="587.033" errors="0" timestamp="2022-05-06T06:54:04 EDT">
  <testcase classname="dsAlgo.Pages.Test.ArrayPageTest" name="verifyTitleTest" time="0.449"/>
  <testcase classname="dsAlgo.Pages.Test.ArrayPageTest" name="getTitleArrayinpythonTest" time="1.75"/>
  <testcase classname="dsAlgo.Pages.Test.ArrayPageTest" name="ArraysinPythonRunTest" time="3.352"/>
  <testcase classname="dsAlgo.Pages.Test.ArrayPageTest" name="getTitleArrayusingListTest" time="1.059"/>
  <testcase classname="dsAlgo.Pages.Test.ArrayPageTest" name="ArraysusingListRunTest" time="3.14"/>
  <testcase classname="dsAlgo.Pages.Test.ArrayPageTest" name="getTitleBasicOperationsinListTest" time="0.907"/>
  <testcase classname="dsAlgo.Pages.Test.ArrayPageTest" name="BasicOperationsinListRunTest" time="3.109"/>
  <testcase classname="dsAlgo.Pages.Test.ArrayPageTest" name="getTitleApplicationsofArrayTest" time="0.879"/>
  <testcase classname="dsAlgo.Pages.Test.ArrayPageTest" name="ApplicationsofArrayRunTest" time="2.985"/>
  <testcase classname="dsAlgo.Pages.Test.HomePageTest" name="ValidateTextTest" time="0.223"/>
  <testcase classname="dsAlgo.Pages.Test.HomePageTest" name="clickonDataStructuresPage" time="0.533"/>
  <testcase classname="dsAlgo.Pages.Test.HomePageTest" name="clickonArrayPage" time="0.555"/>
  <testcase classname="dsAlgo.Pages.Test.HomePageTest" name="clickonLinkedListPage" time="0.6"/>
  <testcase classname="dsAlgo.Pages.Test.HomePageTest" name="clickonStackPage" time="0.572"/>
  <testcase classname="dsAlgo.Pages.Test.HomePageTest" name="clickonQueuePage" time="0.568"/>
  <testcase classname="dsAlgo.Pages.Test.HomePageTest" name="clickonGraphPage" time="0.614"/>
  <testcase classname="dsAlgo.Pages.Test.HomePageTest" name="clickonTreePage" time="0.61"/>
  <testcase classname="dsAlgo.Pages.Test.DataStructurePageTest" name="verifyTitleTest" time="0.239"/>
  <testcase classname="dsAlgo.Pages.Test.DataStructurePageTest" name="dataStructureTest" time="3.145"/>
  <testcase classname="dsAlgo.Pages.Test.GraphPageTest" name="verifyTitleTest" time="0.189"/>
  <testcase classname="dsAlgo.Pages.Test.GraphPageTest" name="graphElementRunTest" time="3.011"/>
  <testcase classname="dsAlgo.Pages.Test.GraphPageTest" name="graphRepresentationsRunTest" time="2.763"/>
  <testcase classname="dsAlgo.Pages.Test.LinkedListPageTest" name="verifyTitleTest" time="0.206"/>
  <testcase classname="dsAlgo.Pages.Test.LinkedListPageTest" name="IntroductionRunTest" time="2.842"/>
  <testcase classname="dsAlgo.Pages.Test.LinkedListPageTest" name="creatingLinkedLIstRunTest" time="2.847"/>
  <testcase classname="dsAlgo.Pages.Test.LinkedListPageTest" name="typesofLinkedListRunTest" time="3.079"/>
  <testcase classname="dsAlgo.Pages.Test.LinkedListPageTest" name="implementLinkedListpythonRunTest" time="10.693">
    <failure type="org.openqa.selenium.NoSuchElementException" message="no such element: Unable to locate element: {&amp;quot;method&amp;quot;:&amp;quot;link text&amp;quot;,&amp;quot;selector&amp;quot;:&amp;quot;Try here&amp;gt;&amp;gt;&amp;gt;&amp;quot;}
  (Session info: chrome=100.0.4896.127)
For documentation on this error, please visit: https://selenium.dev/exceptions/#no_such_element
Build info: version: &amp;apos;4.1.2&amp;apos;, revision: &amp;apos;9a5a329c5a&amp;apos;
System info: host: &amp;apos;VENKAT-LAPPY&amp;apos;, ip: &amp;apos;10.0.0.161&amp;apos;, os.name: &amp;apos;Windows 8.1&amp;apos;, os.arch: &amp;apos;amd64&amp;apos;, os.version: &amp;apos;6.3&amp;apos;, java.version: &amp;apos;16.0.1&amp;apos;
Driver info: org.openqa.selenium.chrome.ChromeDriver
Command: [68c91a89ca8bfb16fc15838b44401d39, findElement {using=link text, value=Try here&amp;gt;&amp;gt;&amp;gt;}]
Capabilities {acceptInsecureCerts: false, browserName: chrome, browserVersion: 100.0.4896.127, chrome: {chromedriverVersion: 99.0.4844.51 (d537ec02474b5..., userDataDir: C:\Users\VENKAT~1\AppData\L...}, goog:chromeOptions: {debuggerAddress: localhost:62297}, javascriptEnabled: true, networkConnectionEnabled: false, pageLoadStrategy: normal, platform: WINDOWS, platformName: WINDOWS, proxy: Proxy(), se:cdp: ws://localhost:62297/devtoo..., se:cdpVersion: 100.0.4896.127, setWindowRect: true, strictFileInteractability: false, timeouts: {implicit: 0, pageLoad: 300000, script: 30000}, unhandledPromptBehavior: dismiss and notify, webauthn:extension:credBlob: true, webauthn:extension:largeBlob: true, webauthn:virtualAuthenticators: true}
Session ID: 68c91a89ca8bfb16fc15838b44401d39">
      <![CDATA[org.openqa.selenium.NoSuchElementException: no such element: Unable to locate element: {"method":"link text","selector":"Try here>>>"}
  (Session info: chrome=100.0.4896.127)
For documentation on this error, please visit: https://selenium.dev/exceptions/#no_such_element
Build info: version: '4.1.2', revision: '9a5a329c5a'
System info: host: 'VENKAT-LAPPY', ip: '10.0.0.161', os.name: 'Windows 8.1', os.arch: 'amd64', os.version: '6.3', java.version: '16.0.1'
Driver info: org.openqa.selenium.chrome.ChromeDriver
Command: [68c91a89ca8bfb16fc15838b44401d39, findElement {using=link text, value=Try here>>>}]
Capabilities {acceptInsecureCerts: false, browserName: chrome, browserVersion: 100.0.4896.127, chrome: {chromedriverVersion: 99.0.4844.51 (d537ec02474b5..., userDataDir: C:\Users\VENKAT~1\AppData\L...}, goog:chromeOptions: {debuggerAddress: localhost:62297}, javascriptEnabled: true, networkConnectionEnabled: false, pageLoadStrategy: normal, platform: WINDOWS, platformName: WINDOWS, proxy: Proxy(), se:cdp: ws://localhost:62297/devtoo..., se:cdpVersion: 100.0.4896.127, setWindowRect: true, strictFileInteractability: false, timeouts: {implicit: 0, pageLoad: 300000, script: 30000}, unhandledPromptBehavior: dismiss and notify, webauthn:extension:credBlob: true, webauthn:extension:largeBlob: true, webauthn:virtualAuthenticators: true}
Session ID: 68c91a89ca8bfb16fc15838b44401d39
at org.openqa.selenium.remote.codec.w3c.W3CHttpResponseCodec.createException(W3CHttpResponseCodec.java:200)
at org.openqa.selenium.remote.codec.w3c.W3CHttpResponseCodec.decode(W3CHttpResponseCodec.java:133)
at org.openqa.selenium.remote.codec.w3c.W3CHttpResponseCodec.decode(W3CHttpResponseCodec.java:53)
at org.openqa.selenium.remote.HttpCommandExecutor.execute(HttpCommandExecutor.java:184)
at org.openqa.selenium.remote.service.DriverCommandExecutor.invokeExecute(DriverCommandExecutor.java:167)
at org.openqa.selenium.remote.service.DriverCommandExecutor.execute(DriverCommandExecutor.java:142)
at org.openqa.selenium.remote.RemoteWebDriver.execute(RemoteWebDriver.java:558)
at org.openqa.selenium.remote.ElementLocation$ElementFinder$2.findElement(ElementLocation.java:162)
at org.openqa.selenium.remote.ElementLocation.findElement(ElementLocation.java:60)
at org.openqa.selenium.remote.RemoteWebDriver.findElement(RemoteWebDriver.java:382)
at org.openqa.selenium.remote.RemoteWebDriver.findElement(RemoteWebDriver.java:374)
at org.openqa.selenium.support.pagefactory.DefaultElementLocator.findElement(DefaultElementLocator.java:70)
at org.openqa.selenium.support.pagefactory.internal.LocatingElementHandler.invoke(LocatingElementHandler.java:39)
at jdk.proxy2/jdk.proxy2.$Proxy19.click(Unknown Source)
at dsAlgo.Pages.LinkedListPage.implementLinkedListpythonRun(LinkedListPage.java:123)
at dsAlgo.Pages.Test.LinkedListPageTest.implementLinkedListpythonRunTest(LinkedListPageTest.java:93)
at java.base/java.util.ArrayList.forEach(ArrayList.java:1511)
... Removed 32 stack frames]]>
    </failure>
  </testcase> <!-- implementLinkedListpythonRunTest -->
  <testcase classname="dsAlgo.Pages.Test.LinkedListPageTest" name="InsertionElementRunTest" time="1.941"/>
  <testcase classname="dsAlgo.Pages.Test.LinkedListPageTest" name="traversalRunTest" time="1.626"/>
  <testcase classname="dsAlgo.Pages.Test.LinkedListPageTest" name="deletionRunTest" time="1.699"/>
  <testcase classname="dsAlgo.Pages.Test.QueuePageTest" name="verifyTitleTest" time="0.068"/>
  <testcase classname="dsAlgo.Pages.Test.QueuePageTest" name="ImplementationofQueueinPythonRunTest" time="1.615"/>
  <testcase classname="dsAlgo.Pages.Test.QueuePageTest" name="ImplementationusingcollectionsRunTest" time="1.73"/>
  <testcase classname="dsAlgo.Pages.Test.QueuePageTest" name="ImplementationusingarrayRunTest" time="1.612"/>
  <testcase classname="dsAlgo.Pages.Test.QueuePageTest" name="queueOperationsRunTest" time="1.504"/>
  <testcase classname="dsAlgo.Pages.Test.SigninPageTest" name="ValidateTextTest" time="0.022"/>
  <testcase classname="dsAlgo.Pages.Test.SigninPageTest" name="SigninPageTest" time="1.373"/>
  <testcase classname="dsAlgo.Pages.Test.StackPageTest" name="verifyTitleTest" time="0.062"/>
  <testcase classname="dsAlgo.Pages.Test.StackPageTest" name="operationsinStackRunTest" time="3.48"/>
  <testcase classname="dsAlgo.Pages.Test.StackPageTest" name="implementationRunTest" time="2.717"/>
  <testcase classname="dsAlgo.Pages.Test.StackPageTest" name="applicationsRunTest" time="2.663"/>
  <testcase classname="dsAlgo.Pages.Test.TreePageTest" name="verifyTitleTest" time="0.219"/>
  <testcase classname="dsAlgo.Pages.Test.TreePageTest" name="overviewOfTreesRunTest" time="3.068"/>
  <testcase classname="dsAlgo.Pages.Test.TreePageTest" name="TerminologiesRunTest" time="2.867"/>
  <testcase classname="dsAlgo.Pages.Test.TreePageTest" name="TypesofTreestRunTest" time="3.274"/>
  <testcase classname="dsAlgo.Pages.Test.TreePageTest" name="TreeTraversalsRunTest" time="3.176"/>
  <testcase classname="dsAlgo.Pages.Test.TreePageTest" name="traversalsIllustrationRunTest" time="2.843"/>
  <testcase classname="dsAlgo.Pages.Test.TreePageTest" name="BinaryTreesElementRunTest" time="3.107"/>
  <testcase classname="dsAlgo.Pages.Test.TreePageTest" name="TypesofBinaryTreesRunTest" time="3.234"/>
  <testcase classname="dsAlgo.Pages.Test.TreePageTest" name="ImplementationinPythonRunTest" time="3.198"/>
  <testcase classname="dsAlgo.Pages.Test.TreePageTest" name="BinaryTreeTraversalsRunTest" time="2.809"/>
  <testcase classname="dsAlgo.Pages.Test.TreePageTest" name="ImplementationofBinaryTreesRunTest" time="3.299"/>
  <testcase classname="dsAlgo.Pages.Test.TreePageTest" name="ApplicationsofBinarytreesRunTest" time="2.896"/>
  <testcase classname="dsAlgo.Pages.Test.TreePageTest" name="BinarySearchTreesRunTest" time="3.857">
    <failure type="java.lang.AssertionError" message="expected [10] but found []">
      <![CDATA[java.lang.AssertionError: expected [10] but found []
at dsAlgo.Pages.Test.TreePageTest.BinarySearchTreesRunTest(TreePageTest.java:190)
at java.base/java.util.ArrayList.forEach(ArrayList.java:1511)
... Removed 33 stack frames]]>
    </failure>
  </testcase> <!-- BinarySearchTreesRunTest -->
  <testcase classname="dsAlgo.Pages.Test.TreePageTest" name="ImplementationOfBSTRunTest" time="3.664"/>
</testsuite> <!-- Test -->
