<html>
<head>
<title>TestNG:  Test</title>
<link href="../testng.css" rel="stylesheet" type="text/css" />
<link href="../my-testng.css" rel="stylesheet" type="text/css" />

<style type="text/css">
.log { display: none;} 
.stack-trace { display: none;} 
</style>
<script type="text/javascript">
<!--
function flip(e) {
  current = e.style.display;
  if (current == 'block') {
    e.style.display = 'none';
    return 0;
  }
  else {
    e.style.display = 'block';
    return 1;
  }
}

function toggleBox(szDivId, elem, msg1, msg2)
{
  var res = -1;  if (document.getElementById) {
    res = flip(document.getElementById(szDivId));
  }
  else if (document.all) {
    // this is the way old msie versions work
    res = flip(document.all[szDivId]);
  }
  if(elem) {
    if(res == 0) elem.innerHTML = msg1; else elem.innerHTML = msg2;
  }

}

function toggleAllBoxes() {
  if (document.getElementsByTagName) {
    d = document.getElementsByTagName('div');
    for (i = 0; i < d.length; i++) {
      if (d[i].className == 'log') {
        flip(d[i]);
      }
    }
  }
}

// -->
</script>

</head>
<body>
<h2 align='center'>Test</h2><table border='1' align="center">
<tr>
<td>Tests passed/Failed/Skipped:</td><td>53/2/0</td>
</tr><tr>
<td>Started on:</td><td>Fri May 06 06:44:17 EDT 2022</td>
</tr>
<tr><td>Total time:</td><td>587 seconds (587033 ms)</td>
</tr><tr>
<td>Included groups:</td><td></td>
</tr><tr>
<td>Excluded groups:</td><td></td>
</tr>
</table><p/>
<small><i>(Hover the method name to see the test class name)</i></small><p/>
<table width='100%' border='1' class='invocation-failed'>
<tr><td colspan='4' align='center'><b>FAILED TESTS</b></td></tr>
<tr><td><b>Test method</b></td>
<td width="30%"><b>Exception</b></td>
<td width="10%"><b>Time (seconds)</b></td>
<td><b>Instance</b></td>
</tr>
<tr>
<td title='dsAlgo.Pages.Test.TreePageTest.BinarySearchTreesRunTest()'><b>BinarySearchTreesRunTest</b><br>Test class: dsAlgo.Pages.Test.TreePageTest<br>Test method: verifying BinarySearchTrees actions in Tree test</td>
<td><div><pre>java.lang.AssertionError: expected [10] but found []
	at dsAlgo.Pages.Test.TreePageTest.BinarySearchTreesRunTest(TreePageTest.java:190)
	at java.base/java.util.ArrayList.forEach(ArrayList.java:1511)
... Removed 33 stack frames</pre></div><a href='#' onClick='toggleBox("stack-trace228349133", this, "Click to show all stack frames", "Click to hide stack frames")'>Click to show all stack frames</a>
<div class='stack-trace' id='stack-trace228349133'><pre>java.lang.AssertionError: expected [10] but found []
	at org.testng.Assert.fail(Assert.java:110)
	at org.testng.Assert.failNotEquals(Assert.java:1413)
	at org.testng.Assert.assertEqualsImpl(Assert.java:149)
	at org.testng.Assert.assertEquals(Assert.java:131)
	at org.testng.Assert.assertEquals(Assert.java:655)
	at org.testng.Assert.assertEquals(Assert.java:665)
	at dsAlgo.Pages.Test.TreePageTest.BinarySearchTreesRunTest(TreePageTest.java:190)
	at java.base/jdk.internal.reflect.NativeMethodAccessorImpl.invoke0(Native Method)
	at java.base/jdk.internal.reflect.NativeMethodAccessorImpl.invoke(NativeMethodAccessorImpl.java:78)
	at java.base/jdk.internal.reflect.DelegatingMethodAccessorImpl.invoke(DelegatingMethodAccessorImpl.java:43)
	at java.base/java.lang.reflect.Method.invoke(Method.java:567)
	at org.testng.internal.invokers.MethodInvocationHelper.invokeMethod(MethodInvocationHelper.java:135)
	at org.testng.internal.invokers.TestInvoker.invokeMethod(TestInvoker.java:673)
	at org.testng.internal.invokers.TestInvoker.invokeTestMethod(TestInvoker.java:220)
	at org.testng.internal.invokers.MethodRunner.runInSequence(MethodRunner.java:50)
	at org.testng.internal.invokers.TestInvoker$MethodInvocationAgent.invoke(TestInvoker.java:945)
	at org.testng.internal.invokers.TestInvoker.invokeTestMethods(TestInvoker.java:193)
	at org.testng.internal.invokers.TestMethodWorker.invokeTestMethods(TestMethodWorker.java:146)
	at org.testng.internal.invokers.TestMethodWorker.run(TestMethodWorker.java:128)
	at java.base/java.util.ArrayList.forEach(ArrayList.java:1511)
	at org.testng.TestRunner.privateRun(TestRunner.java:808)
	at org.testng.TestRunner.run(TestRunner.java:603)
	at org.testng.SuiteRunner.runTest(SuiteRunner.java:429)
	at org.testng.SuiteRunner.runSequentially(SuiteRunner.java:423)
	at org.testng.SuiteRunner.privateRun(SuiteRunner.java:383)
	at org.testng.SuiteRunner.run(SuiteRunner.java:326)
	at org.testng.SuiteRunnerWorker.runSuite(SuiteRunnerWorker.java:52)
	at org.testng.SuiteRunnerWorker.run(SuiteRunnerWorker.java:95)
	at org.testng.TestNG.runSuitesSequentially(TestNG.java:1249)
	at org.testng.TestNG.runSuitesLocally(TestNG.java:1169)
	at org.testng.TestNG.runSuites(TestNG.java:1092)
	at org.testng.TestNG.run(TestNG.java:1060)
	at org.testng.remote.AbstractRemoteTestNG.run(AbstractRemoteTestNG.java:115)
	at org.testng.remote.RemoteTestNG.initAndRun(RemoteTestNG.java:251)
	at org.testng.remote.RemoteTestNG.main(RemoteTestNG.java:77)
</pre></div></td>
<td>3</td>
<td>dsAlgo.Pages.Test.TreePageTest@71ea1fda</td></tr>
<tr>
<td title='dsAlgo.Pages.Test.LinkedListPageTest.implementLinkedListpythonRunTest()'><b>implementLinkedListpythonRunTest</b><br>Test class: dsAlgo.Pages.Test.LinkedListPageTest<br>Test method: verifying implementLinkedListpython actions in LinkedListPage test</td>
<td><div><pre>org.openqa.selenium.NoSuchElementException: no such element: Unable to locate element: {&quot;method&quot;:&quot;link text&quot;,&quot;selector&quot;:&quot;Try here&gt;&gt;&gt;&quot;}
  (Session info: chrome=100.0.4896.127)
For documentation on this error, please visit: https://selenium.dev/exceptions/#no_such_element
Build info: version: &apos;4.1.2&apos;, revision: &apos;9a5a329c5a&apos;
System info: host: &apos;VENKAT-LAPPY&apos;, ip: &apos;10.0.0.161&apos;, os.name: &apos;Windows 8.1&apos;, os.arch: &apos;amd64&apos;, os.version: &apos;6.3&apos;, java.version: &apos;16.0.1&apos;
Driver info: org.openqa.selenium.chrome.ChromeDriver
Command: [68c91a89ca8bfb16fc15838b44401d39, findElement {using=link text, value=Try here&gt;&gt;&gt;}]
Capabilities {acceptInsecureCerts: false, browserName: chrome, browserVersion: 100.0.4896.127, chrome: {chromedriverVersion: 99.0.4844.51 (d537ec02474b5..., userDataDir: C:\Users\VENKAT~1\AppData\L...}, goog:chromeOptions: {debuggerAddress: localhost:62297}, javascriptEnabled: true, networkConnectionEnabled: false, pageLoadStrategy: normal, platform: WINDOWS, platformName: WINDOWS, proxy: Proxy(), se:cdp: ws://localhost:62297/devtoo..., se:cdpVersion: 100.0.4896.127, setWindowRect: true, strictFileInteractability: false, timeouts: {implicit: 0, pageLoad: 300000, script: 30000}, unhandledPromptBehavior: dismiss and notify, webauthn:extension:credBlob: true, webauthn:extension:largeBlob: true, webauthn:virtualAuthenticators: true}
Session ID: 68c91a89ca8bfb16fc15838b44401d39
	at org.openqa.selenium.remote.codec.w3c.W3CHttpResponseCodec.createException(W3CHttpResponseCodec.java:200)
	at org.openqa.selenium.remote.codec.w3c.W3CHttpResponseCodec.decode(W3CHttpResponseCodec.java:133)
	at org.openqa.selenium.remote.codec.w3c.W3CHttpResponseCodec.decode(W3CHttpResponseCodec.java:53)
	at org.openqa.selenium.remote.HttpCommandExecutor.execute(HttpCommandExecutor.java:184)
	at org.openqa.selenium.remote.service.DriverCommandExecutor.invokeExecute(DriverCommandExecutor.java:167)
	at org.openqa.selenium.remote.service.DriverCommandExecutor.execute(DriverCommandExecutor.java:142)
	at org.openqa.selenium.remote.RemoteWebDriver.execute(RemoteWebDriver.java:558)
	at org.openqa.selenium.remote.ElementLocation$ElementFinder$2.findElement(ElementLocation.java:162)
	at org.openqa.selenium.remote.ElementLocation.findElement(ElementLocation.java:60)
	at org.openqa.selenium.remote.RemoteWebDriver.findElement(RemoteWebDriver.java:382)
	at org.openqa.selenium.remote.RemoteWebDriver.findElement(RemoteWebDriver.java:374)
	at org.openqa.selenium.support.pagefactory.DefaultElementLocator.findElement(DefaultElementLocator.java:70)
	at org.openqa.selenium.support.pagefactory.internal.LocatingElementHandler.invoke(LocatingElementHandler.java:39)
	at jdk.proxy2/jdk.proxy2.$Proxy19.click(Unknown Source)
	at dsAlgo.Pages.LinkedListPage.implementLinkedListpythonRun(LinkedListPage.java:123)
	at dsAlgo.Pages.Test.LinkedListPageTest.implementLinkedListpythonRunTest(LinkedListPageTest.java:93)
	at java.base/java.util.ArrayList.forEach(ArrayList.java:1511)
... Removed 32 stack frames</pre></div><a href='#' onClick='toggleBox("stack-trace544100739", this, "Click to show all stack frames", "Click to hide stack frames")'>Click to show all stack frames</a>
<div class='stack-trace' id='stack-trace544100739'><pre>org.openqa.selenium.NoSuchElementException: no such element: Unable to locate element: {&quot;method&quot;:&quot;link text&quot;,&quot;selector&quot;:&quot;Try here&gt;&gt;&gt;&quot;}
  (Session info: chrome=100.0.4896.127)
For documentation on this error, please visit: https://selenium.dev/exceptions/#no_such_element
Build info: version: &apos;4.1.2&apos;, revision: &apos;9a5a329c5a&apos;
System info: host: &apos;VENKAT-LAPPY&apos;, ip: &apos;10.0.0.161&apos;, os.name: &apos;Windows 8.1&apos;, os.arch: &apos;amd64&apos;, os.version: &apos;6.3&apos;, java.version: &apos;16.0.1&apos;
Driver info: org.openqa.selenium.chrome.ChromeDriver
Command: [68c91a89ca8bfb16fc15838b44401d39, findElement {using=link text, value=Try here&gt;&gt;&gt;}]
Capabilities {acceptInsecureCerts: false, browserName: chrome, browserVersion: 100.0.4896.127, chrome: {chromedriverVersion: 99.0.4844.51 (d537ec02474b5..., userDataDir: C:\Users\VENKAT~1\AppData\L...}, goog:chromeOptions: {debuggerAddress: localhost:62297}, javascriptEnabled: true, networkConnectionEnabled: false, pageLoadStrategy: normal, platform: WINDOWS, platformName: WINDOWS, proxy: Proxy(), se:cdp: ws://localhost:62297/devtoo..., se:cdpVersion: 100.0.4896.127, setWindowRect: true, strictFileInteractability: false, timeouts: {implicit: 0, pageLoad: 300000, script: 30000}, unhandledPromptBehavior: dismiss and notify, webauthn:extension:credBlob: true, webauthn:extension:largeBlob: true, webauthn:virtualAuthenticators: true}
Session ID: 68c91a89ca8bfb16fc15838b44401d39
	at java.base/jdk.internal.reflect.NativeConstructorAccessorImpl.newInstance0(Native Method)
	at java.base/jdk.internal.reflect.NativeConstructorAccessorImpl.newInstance(NativeConstructorAccessorImpl.java:78)
	at java.base/jdk.internal.reflect.DelegatingConstructorAccessorImpl.newInstance(DelegatingConstructorAccessorImpl.java:45)
	at java.base/java.lang.reflect.Constructor.newInstanceWithCaller(Constructor.java:499)
	at java.base/java.lang.reflect.Constructor.newInstance(Constructor.java:480)
	at org.openqa.selenium.remote.codec.w3c.W3CHttpResponseCodec.createException(W3CHttpResponseCodec.java:200)
	at org.openqa.selenium.remote.codec.w3c.W3CHttpResponseCodec.decode(W3CHttpResponseCodec.java:133)
	at org.openqa.selenium.remote.codec.w3c.W3CHttpResponseCodec.decode(W3CHttpResponseCodec.java:53)
	at org.openqa.selenium.remote.HttpCommandExecutor.execute(HttpCommandExecutor.java:184)
	at org.openqa.selenium.remote.service.DriverCommandExecutor.invokeExecute(DriverCommandExecutor.java:167)
	at org.openqa.selenium.remote.service.DriverCommandExecutor.execute(DriverCommandExecutor.java:142)
	at org.openqa.selenium.remote.RemoteWebDriver.execute(RemoteWebDriver.java:558)
	at org.openqa.selenium.remote.ElementLocation$ElementFinder$2.findElement(ElementLocation.java:162)
	at org.openqa.selenium.remote.ElementLocation.findElement(ElementLocation.java:60)
	at org.openqa.selenium.remote.RemoteWebDriver.findElement(RemoteWebDriver.java:382)
	at org.openqa.selenium.remote.RemoteWebDriver.findElement(RemoteWebDriver.java:374)
	at org.openqa.selenium.support.pagefactory.DefaultElementLocator.findElement(DefaultElementLocator.java:70)
	at org.openqa.selenium.support.pagefactory.internal.LocatingElementHandler.invoke(LocatingElementHandler.java:39)
	at jdk.proxy2/jdk.proxy2.$Proxy19.click(Unknown Source)
	at dsAlgo.Pages.LinkedListPage.implementLinkedListpythonRun(LinkedListPage.java:123)
	at dsAlgo.Pages.Test.LinkedListPageTest.implementLinkedListpythonRunTest(LinkedListPageTest.java:93)
	at java.base/jdk.internal.reflect.NativeMethodAccessorImpl.invoke0(Native Method)
	at java.base/jdk.internal.reflect.NativeMethodAccessorImpl.invoke(NativeMethodAccessorImpl.java:78)
	at java.base/jdk.internal.reflect.DelegatingMethodAccessorImpl.invoke(DelegatingMethodAccessorImpl.java:43)
	at java.base/java.lang.reflect.Method.invoke(Method.java:567)
	at org.testng.internal.invokers.MethodInvocationHelper.invokeMethod(MethodInvocationHelper.java:135)
	at org.testng.internal.invokers.TestInvoker.invokeMethod(TestInvoker.java:673)
	at org.testng.internal.invokers.TestInvoker.invokeTestMethod(TestInvoker.java:220)
	at org.testng.internal.invokers.MethodRunner.runInSequence(MethodRunner.java:50)
	at org.testng.internal.invokers.TestInvoker$MethodInvocationAgent.invoke(TestInvoker.java:945)
	at org.testng.internal.invokers.TestInvoker.invokeTestMethods(TestInvoker.java:193)
	at org.testng.internal.invokers.TestMethodWorker.invokeTestMethods(TestMethodWorker.java:146)
	at org.testng.internal.invokers.TestMethodWorker.run(TestMethodWorker.java:128)
	at java.base/java.util.ArrayList.forEach(ArrayList.java:1511)
	at org.testng.TestRunner.privateRun(TestRunner.java:808)
	at org.testng.TestRunner.run(TestRunner.java:603)
	at org.testng.SuiteRunner.runTest(SuiteRunner.java:429)
	at org.testng.SuiteRunner.runSequentially(SuiteRunner.java:423)
	at org.testng.SuiteRunner.privateRun(SuiteRunner.java:383)
	at org.testng.SuiteRunner.run(SuiteRunner.java:326)
	at org.testng.SuiteRunnerWorker.runSuite(SuiteRunnerWorker.java:52)
	at org.testng.SuiteRunnerWorker.run(SuiteRunnerWorker.java:95)
	at org.testng.TestNG.runSuitesSequentially(TestNG.java:1249)
	at org.testng.TestNG.runSuitesLocally(TestNG.java:1169)
	at org.testng.TestNG.runSuites(TestNG.java:1092)
	at org.testng.TestNG.run(TestNG.java:1060)
	at org.testng.remote.AbstractRemoteTestNG.run(AbstractRemoteTestNG.java:115)
	at org.testng.remote.RemoteTestNG.initAndRun(RemoteTestNG.java:251)
	at org.testng.remote.RemoteTestNG.main(RemoteTestNG.java:77)
</pre></div></td>
<td>10</td>
<td>dsAlgo.Pages.Test.LinkedListPageTest@1162410a</td></tr>
</table><p>
<table width='100%' border='1' class='invocation-passed'>
<tr><td colspan='4' align='center'><b>PASSED TESTS</b></td></tr>
<tr><td><b>Test method</b></td>
<td width="30%"><b>Exception</b></td>
<td width="10%"><b>Time (seconds)</b></td>
<td><b>Instance</b></td>
</tr>
<tr>
<td title='dsAlgo.Pages.Test.TreePageTest.BinaryTreesElementRunTest()'><b>BinaryTreesElementRunTest</b><br>Test class: dsAlgo.Pages.Test.TreePageTest<br>Test method: verifying BinaryTreesElement actions in Tree test</td>
<td></td>
<td>3</td>
<td>dsAlgo.Pages.Test.TreePageTest@71ea1fda</td></tr>
<tr>
<td title='dsAlgo.Pages.Test.HomePageTest.clickonQueuePage()'><b>clickonQueuePage</b><br>Test class: dsAlgo.Pages.Test.HomePageTest<br>Test method: verifying successful click on queue in HomePage</td>
<td></td>
<td>0</td>
<td>dsAlgo.Pages.Test.HomePageTest@30457e14</td></tr>
<tr>
<td title='dsAlgo.Pages.Test.HomePageTest.clickonGraphPage()'><b>clickonGraphPage</b><br>Test class: dsAlgo.Pages.Test.HomePageTest<br>Test method: verifying successful click on graph in HomePage</td>
<td></td>
<td>0</td>
<td>dsAlgo.Pages.Test.HomePageTest@30457e14</td></tr>
<tr>
<td title='dsAlgo.Pages.Test.QueuePageTest.ImplementationofQueueinPythonRunTest()'><b>ImplementationofQueueinPythonRunTest</b><br>Test class: dsAlgo.Pages.Test.QueuePageTest<br>Test method: verifying ImplementationofQueueinPython actions in Queue test</td>
<td></td>
<td>1</td>
<td>dsAlgo.Pages.Test.QueuePageTest@3f3ddbd9</td></tr>
<tr>
<td title='dsAlgo.Pages.Test.HomePageTest.clickonLinkedListPage()'><b>clickonLinkedListPage</b><br>Test class: dsAlgo.Pages.Test.HomePageTest<br>Test method: verifying successful click on LinkedList in HomePage</td>
<td></td>
<td>0</td>
<td>dsAlgo.Pages.Test.HomePageTest@30457e14</td></tr>
<tr>
<td title='dsAlgo.Pages.Test.TreePageTest.ImplementationofBinaryTreesRunTest()'><b>ImplementationofBinaryTreesRunTest</b><br>Test class: dsAlgo.Pages.Test.TreePageTest<br>Test method: verifying ImplementationofBinaryTrees actions in Tree test</td>
<td></td>
<td>3</td>
<td>dsAlgo.Pages.Test.TreePageTest@71ea1fda</td></tr>
<tr>
<td title='dsAlgo.Pages.Test.ArrayPageTest.getTitleBasicOperationsinListTest()'><b>getTitleBasicOperationsinListTest</b><br>Test class: dsAlgo.Pages.Test.ArrayPageTest<br>Test method: verifying BasicOpertaionsinList title in Array page test</td>
<td></td>
<td>0</td>
<td>dsAlgo.Pages.Test.ArrayPageTest@2fb68ec6</td></tr>
<tr>
<td title='dsAlgo.Pages.Test.TreePageTest.TerminologiesRunTest()'><b>TerminologiesRunTest</b><br>Test class: dsAlgo.Pages.Test.TreePageTest<br>Test method: verifying Terminologies actions in Tree test</td>
<td></td>
<td>2</td>
<td>dsAlgo.Pages.Test.TreePageTest@71ea1fda</td></tr>
<tr>
<td title='dsAlgo.Pages.Test.TreePageTest.traversalsIllustrationRunTest()'><b>traversalsIllustrationRunTest</b><br>Test class: dsAlgo.Pages.Test.TreePageTest<br>Test method: verifying traversalsIllustration actions in Tree test</td>
<td></td>
<td>2</td>
<td>dsAlgo.Pages.Test.TreePageTest@71ea1fda</td></tr>
<tr>
<td title='dsAlgo.Pages.Test.SigninPageTest.SigninPageTest()'><b>SigninPageTest</b><br>Test class: dsAlgo.Pages.Test.SigninPageTest<br>Test method: login into app test<br>Parameters: dsAlgo.Entities.UserProfileInfo@16021f6e</td>
<td></td>
<td>1</td>
<td>dsAlgo.Pages.Test.SigninPageTest@14c053c6</td></tr>
<tr>
<td title='dsAlgo.Pages.Test.HomePageTest.clickonStackPage()'><b>clickonStackPage</b><br>Test class: dsAlgo.Pages.Test.HomePageTest<br>Test method: verifying successful click stack in HomePage</td>
<td></td>
<td>0</td>
<td>dsAlgo.Pages.Test.HomePageTest@30457e14</td></tr>
<tr>
<td title='dsAlgo.Pages.Test.LinkedListPageTest.deletionRunTest()'><b>deletionRunTest</b><br>Test class: dsAlgo.Pages.Test.LinkedListPageTest<br>Test method: verifying deletion actions in LinkedListPage test</td>
<td></td>
<td>1</td>
<td>dsAlgo.Pages.Test.LinkedListPageTest@1162410a</td></tr>
<tr>
<td title='dsAlgo.Pages.Test.TreePageTest.TreeTraversalsRunTest()'><b>TreeTraversalsRunTest</b><br>Test class: dsAlgo.Pages.Test.TreePageTest<br>Test method: verifying TreeTraversals actions in Tree test</td>
<td></td>
<td>3</td>
<td>dsAlgo.Pages.Test.TreePageTest@71ea1fda</td></tr>
<tr>
<td title='dsAlgo.Pages.Test.ArrayPageTest.ArraysinPythonRunTest()'><b>ArraysinPythonRunTest</b><br>Test class: dsAlgo.Pages.Test.ArrayPageTest<br>Test method: verifying ArraysinPython actions test</td>
<td></td>
<td>3</td>
<td>dsAlgo.Pages.Test.ArrayPageTest@2fb68ec6</td></tr>
<tr>
<td title='dsAlgo.Pages.Test.DataStructurePageTest.dataStructureTest()'><b>dataStructureTest</b><br>Test class: dsAlgo.Pages.Test.DataStructurePageTest<br>Test method: verifying DataStructure page actions test</td>
<td></td>
<td>3</td>
<td>dsAlgo.Pages.Test.DataStructurePageTest@6105f8a3</td></tr>
<tr>
<td title='dsAlgo.Pages.Test.QueuePageTest.verifyTitleTest()'><b>verifyTitleTest</b><br>Test class: dsAlgo.Pages.Test.QueuePageTest<br>Test method: verifying Queue title in QueuePage test</td>
<td></td>
<td>0</td>
<td>dsAlgo.Pages.Test.QueuePageTest@3f3ddbd9</td></tr>
<tr>
<td title='dsAlgo.Pages.Test.QueuePageTest.ImplementationusingarrayRunTest()'><b>ImplementationusingarrayRunTest</b><br>Test class: dsAlgo.Pages.Test.QueuePageTest<br>Test method: verifying Implementationusingarray actions in Queue test</td>
<td></td>
<td>1</td>
<td>dsAlgo.Pages.Test.QueuePageTest@3f3ddbd9</td></tr>
<tr>
<td title='dsAlgo.Pages.Test.ArrayPageTest.BasicOperationsinListRunTest()'><b>BasicOperationsinListRunTest</b><br>Test class: dsAlgo.Pages.Test.ArrayPageTest<br>Test method: verifying BasicOperationsinList action test</td>
<td></td>
<td>3</td>
<td>dsAlgo.Pages.Test.ArrayPageTest@2fb68ec6</td></tr>
<tr>
<td title='dsAlgo.Pages.Test.LinkedListPageTest.InsertionElementRunTest()'><b>InsertionElementRunTest</b><br>Test class: dsAlgo.Pages.Test.LinkedListPageTest<br>Test method: verifying InsertionElement actions in LinkedListPage test</td>
<td></td>
<td>1</td>
<td>dsAlgo.Pages.Test.LinkedListPageTest@1162410a</td></tr>
<tr>
<td title='dsAlgo.Pages.Test.GraphPageTest.verifyTitleTest()'><b>verifyTitleTest</b><br>Test class: dsAlgo.Pages.Test.GraphPageTest<br>Test method: verifying Graph title in GrpahPage test</td>
<td></td>
<td>0</td>
<td>dsAlgo.Pages.Test.GraphPageTest@4e7095ac</td></tr>
<tr>
<td title='dsAlgo.Pages.Test.HomePageTest.clickonDataStructuresPage()'><b>clickonDataStructuresPage</b><br>Test class: dsAlgo.Pages.Test.HomePageTest<br>Test method: verifying successful click on data Structures in HomePage</td>
<td></td>
<td>0</td>
<td>dsAlgo.Pages.Test.HomePageTest@30457e14</td></tr>
<tr>
<td title='dsAlgo.Pages.Test.QueuePageTest.ImplementationusingcollectionsRunTest()'><b>ImplementationusingcollectionsRunTest</b><br>Test class: dsAlgo.Pages.Test.QueuePageTest<br>Test method: verifying Implementationusingcollections actions in Queue test</td>
<td></td>
<td>1</td>
<td>dsAlgo.Pages.Test.QueuePageTest@3f3ddbd9</td></tr>
<tr>
<td title='dsAlgo.Pages.Test.TreePageTest.TypesofTreestRunTest()'><b>TypesofTreestRunTest</b><br>Test class: dsAlgo.Pages.Test.TreePageTest<br>Test method: verifying TypesofTrees actions in Tree test</td>
<td></td>
<td>3</td>
<td>dsAlgo.Pages.Test.TreePageTest@71ea1fda</td></tr>
<tr>
<td title='dsAlgo.Pages.Test.TreePageTest.BinaryTreeTraversalsRunTest()'><b>BinaryTreeTraversalsRunTest</b><br>Test class: dsAlgo.Pages.Test.TreePageTest<br>Test method: verifying BinaryTreeTraversals actions in Tree test</td>
<td></td>
<td>2</td>
<td>dsAlgo.Pages.Test.TreePageTest@71ea1fda</td></tr>
<tr>
<td title='dsAlgo.Pages.Test.ArrayPageTest.ArraysusingListRunTest()'><b>ArraysusingListRunTest</b><br>Test class: dsAlgo.Pages.Test.ArrayPageTest<br>Test method: verifying ArraysusingList actions test</td>
<td></td>
<td>3</td>
<td>dsAlgo.Pages.Test.ArrayPageTest@2fb68ec6</td></tr>
<tr>
<td title='dsAlgo.Pages.Test.ArrayPageTest.getTitleApplicationsofArrayTest()'><b>getTitleApplicationsofArrayTest</b><br>Test class: dsAlgo.Pages.Test.ArrayPageTest<br>Test method: To check ApplicationsofArray  title in Array page test</td>
<td></td>
<td>0</td>
<td>dsAlgo.Pages.Test.ArrayPageTest@2fb68ec6</td></tr>
<tr>
<td title='dsAlgo.Pages.Test.LinkedListPageTest.typesofLinkedListRunTest()'><b>typesofLinkedListRunTest</b><br>Test class: dsAlgo.Pages.Test.LinkedListPageTest<br>Test method: verifying typesofLinkedList actions in LinkedListPage test</td>
<td></td>
<td>3</td>
<td>dsAlgo.Pages.Test.LinkedListPageTest@1162410a</td></tr>
<tr>
<td title='dsAlgo.Pages.Test.TreePageTest.verifyTitleTest()'><b>verifyTitleTest</b><br>Test class: dsAlgo.Pages.Test.TreePageTest<br>Test method: verifying Tree title in TreePage test</td>
<td></td>
<td>0</td>
<td>dsAlgo.Pages.Test.TreePageTest@71ea1fda</td></tr>
<tr>
<td title='dsAlgo.Pages.Test.ArrayPageTest.ApplicationsofArrayRunTest()'><b>ApplicationsofArrayRunTest</b><br>Test class: dsAlgo.Pages.Test.ArrayPageTest<br>Test method: verifying ApplicationsofArray actions test</td>
<td></td>
<td>2</td>
<td>dsAlgo.Pages.Test.ArrayPageTest@2fb68ec6</td></tr>
<tr>
<td title='dsAlgo.Pages.Test.DataStructurePageTest.verifyTitleTest()'><b>verifyTitleTest</b><br>Test class: dsAlgo.Pages.Test.DataStructurePageTest<br>Test method: verifying DataStructure page title test</td>
<td></td>
<td>0</td>
<td>dsAlgo.Pages.Test.DataStructurePageTest@6105f8a3</td></tr>
<tr>
<td title='dsAlgo.Pages.Test.TreePageTest.TypesofBinaryTreesRunTest()'><b>TypesofBinaryTreesRunTest</b><br>Test class: dsAlgo.Pages.Test.TreePageTest<br>Test method: verifying TypesofBinaryTrees actions in Tree test</td>
<td></td>
<td>3</td>
<td>dsAlgo.Pages.Test.TreePageTest@71ea1fda</td></tr>
<tr>
<td title='dsAlgo.Pages.Test.TreePageTest.ImplementationinPythonRunTest()'><b>ImplementationinPythonRunTest</b><br>Test class: dsAlgo.Pages.Test.TreePageTest<br>Test method: verifying ImplementationinPython actions in Tree test</td>
<td></td>
<td>3</td>
<td>dsAlgo.Pages.Test.TreePageTest@71ea1fda</td></tr>
<tr>
<td title='dsAlgo.Pages.Test.StackPageTest.applicationsRunTest()'><b>applicationsRunTest</b><br>Test class: dsAlgo.Pages.Test.StackPageTest<br>Test method: verifying applications actions in Stack test</td>
<td></td>
<td>2</td>
<td>dsAlgo.Pages.Test.StackPageTest@589b028e</td></tr>
<tr>
<td title='dsAlgo.Pages.Test.HomePageTest.ValidateTextTest()'><b>ValidateTextTest</b><br>Test class: dsAlgo.Pages.Test.HomePageTest<br>Test method: verifying Signin page title test</td>
<td></td>
<td>0</td>
<td>dsAlgo.Pages.Test.HomePageTest@30457e14</td></tr>
<tr>
<td title='dsAlgo.Pages.Test.LinkedListPageTest.verifyTitleTest()'><b>verifyTitleTest</b><br>Test class: dsAlgo.Pages.Test.LinkedListPageTest<br>Test method: verifying Linked List title in Linked ListPage test</td>
<td></td>
<td>0</td>
<td>dsAlgo.Pages.Test.LinkedListPageTest@1162410a</td></tr>
<tr>
<td title='dsAlgo.Pages.Test.TreePageTest.overviewOfTreesRunTest()'><b>overviewOfTreesRunTest</b><br>Test class: dsAlgo.Pages.Test.TreePageTest<br>Test method: verifying overviewOfTrees actions in Tree test</td>
<td></td>
<td>3</td>
<td>dsAlgo.Pages.Test.TreePageTest@71ea1fda</td></tr>
<tr>
<td title='dsAlgo.Pages.Test.ArrayPageTest.getTitleArrayinpythonTest()'><b>getTitleArrayinpythonTest</b><br>Test class: dsAlgo.Pages.Test.ArrayPageTest<br>Test method: verifying Arrayinpython title in Array page test</td>
<td></td>
<td>1</td>
<td>dsAlgo.Pages.Test.ArrayPageTest@2fb68ec6</td></tr>
<tr>
<td title='dsAlgo.Pages.Test.HomePageTest.clickonArrayPage()'><b>clickonArrayPage</b><br>Test class: dsAlgo.Pages.Test.HomePageTest<br>Test method: verifying successful click on Array in HomePage</td>
<td></td>
<td>0</td>
<td>dsAlgo.Pages.Test.HomePageTest@30457e14</td></tr>
<tr>
<td title='dsAlgo.Pages.Test.QueuePageTest.queueOperationsRunTest()'><b>queueOperationsRunTest</b><br>Test class: dsAlgo.Pages.Test.QueuePageTest<br>Test method: verifying queueOperations actions in Queue test</td>
<td></td>
<td>1</td>
<td>dsAlgo.Pages.Test.QueuePageTest@3f3ddbd9</td></tr>
<tr>
<td title='dsAlgo.Pages.Test.LinkedListPageTest.traversalRunTest()'><b>traversalRunTest</b><br>Test class: dsAlgo.Pages.Test.LinkedListPageTest<br>Test method: verifying traversal actions in LinkedListPage test</td>
<td></td>
<td>1</td>
<td>dsAlgo.Pages.Test.LinkedListPageTest@1162410a</td></tr>
<tr>
<td title='dsAlgo.Pages.Test.StackPageTest.operationsinStackRunTest()'><b>operationsinStackRunTest</b><br>Test class: dsAlgo.Pages.Test.StackPageTest<br>Test method: verifying operationsinStack actions in Stack test</td>
<td></td>
<td>3</td>
<td>dsAlgo.Pages.Test.StackPageTest@589b028e</td></tr>
<tr>
<td title='dsAlgo.Pages.Test.GraphPageTest.graphRepresentationsRunTest()'><b>graphRepresentationsRunTest</b><br>Test class: dsAlgo.Pages.Test.GraphPageTest<br>Test method: verifying graphRepresentations actions in Graph test</td>
<td></td>
<td>2</td>
<td>dsAlgo.Pages.Test.GraphPageTest@4e7095ac</td></tr>
<tr>
<td title='dsAlgo.Pages.Test.StackPageTest.verifyTitleTest()'><b>verifyTitleTest</b><br>Test class: dsAlgo.Pages.Test.StackPageTest<br>Test method: verifying Stack title in StackPage test</td>
<td></td>
<td>0</td>
<td>dsAlgo.Pages.Test.StackPageTest@589b028e</td></tr>
<tr>
<td title='dsAlgo.Pages.Test.ArrayPageTest.getTitleArrayusingListTest()'><b>getTitleArrayusingListTest</b><br>Test class: dsAlgo.Pages.Test.ArrayPageTest<br>Test method: verifying ArrayusingList title in Array page test</td>
<td></td>
<td>1</td>
<td>dsAlgo.Pages.Test.ArrayPageTest@2fb68ec6</td></tr>
<tr>
<td title='dsAlgo.Pages.Test.LinkedListPageTest.creatingLinkedLIstRunTest()'><b>creatingLinkedLIstRunTest</b><br>Test class: dsAlgo.Pages.Test.LinkedListPageTest<br>Test method: verifying creatingLinkedLIst actions in LinkedListPage test</td>
<td></td>
<td>2</td>
<td>dsAlgo.Pages.Test.LinkedListPageTest@1162410a</td></tr>
<tr>
<td title='dsAlgo.Pages.Test.GraphPageTest.graphElementRunTest()'><b>graphElementRunTest</b><br>Test class: dsAlgo.Pages.Test.GraphPageTest<br>Test method: verifying graph actions in Graph test</td>
<td></td>
<td>3</td>
<td>dsAlgo.Pages.Test.GraphPageTest@4e7095ac</td></tr>
<tr>
<td title='dsAlgo.Pages.Test.TreePageTest.ApplicationsofBinarytreesRunTest()'><b>ApplicationsofBinarytreesRunTest</b><br>Test class: dsAlgo.Pages.Test.TreePageTest<br>Test method: verifying ApplicationsofBinarytrees actions in Tree test</td>
<td></td>
<td>2</td>
<td>dsAlgo.Pages.Test.TreePageTest@71ea1fda</td></tr>
<tr>
<td title='dsAlgo.Pages.Test.HomePageTest.clickonTreePage()'><b>clickonTreePage</b><br>Test class: dsAlgo.Pages.Test.HomePageTest<br>Test method: verifying successful click on tree in HomePage</td>
<td></td>
<td>0</td>
<td>dsAlgo.Pages.Test.HomePageTest@30457e14</td></tr>
<tr>
<td title='dsAlgo.Pages.Test.SigninPageTest.ValidateTextTest()'><b>ValidateTextTest</b><br>Test class: dsAlgo.Pages.Test.SigninPageTest<br>Test method: verifying Signin page title test</td>
<td></td>
<td>0</td>
<td>dsAlgo.Pages.Test.SigninPageTest@14c053c6</td></tr>
<tr>
<td title='dsAlgo.Pages.Test.TreePageTest.ImplementationOfBSTRunTest()'><b>ImplementationOfBSTRunTest</b><br>Test class: dsAlgo.Pages.Test.TreePageTest<br>Test method: verifying ImplementationOfBST actions in Tree test</td>
<td></td>
<td>3</td>
<td>dsAlgo.Pages.Test.TreePageTest@71ea1fda</td></tr>
<tr>
<td title='dsAlgo.Pages.Test.ArrayPageTest.verifyTitleTest()'><b>verifyTitleTest</b><br>Test class: dsAlgo.Pages.Test.ArrayPageTest<br>Test method: verifying Array page title test</td>
<td></td>
<td>0</td>
<td>dsAlgo.Pages.Test.ArrayPageTest@2fb68ec6</td></tr>
<tr>
<td title='dsAlgo.Pages.Test.StackPageTest.implementationRunTest()'><b>implementationRunTest</b><br>Test class: dsAlgo.Pages.Test.StackPageTest<br>Test method: verifying implementation actions in Stack test</td>
<td></td>
<td>2</td>
<td>dsAlgo.Pages.Test.StackPageTest@589b028e</td></tr>
<tr>
<td title='dsAlgo.Pages.Test.LinkedListPageTest.IntroductionRunTest()'><b>IntroductionRunTest</b><br>Test class: dsAlgo.Pages.Test.LinkedListPageTest<br>Test method: verifying Introduction actions in LinkedListPage test</td>
<td></td>
<td>2</td>
<td>dsAlgo.Pages.Test.LinkedListPageTest@1162410a</td></tr>
</table><p>
</body>
</html>